2014-08-22 18-54-37 INFO  [Daemon] org.springframework.web.context.ContextLoader  - Root WebApplicationContext: initialization started
2014-08-22 18-54-37 INFO  [Daemon] org.springframework.web.context.support.XmlWebApplicationContext  - Refreshing Root WebApplicationContext: startup date [Fri Aug 22 18:54:37 CEST 2014]; root of context hierarchy
2014-08-22 18-54-37 INFO  [Daemon] org.springframework.beans.factory.xml.XmlBeanDefinitionReader  - Loading XML bean definitions from ServletContext resource [/WEB-INF/spring/applicationContext-cxf.xml]
2014-08-22 18-54-38 INFO  [Daemon] org.springframework.beans.factory.xml.XmlBeanDefinitionReader  - Loading XML bean definitions from class path resource [META-INF/cxf/cxf.xml]
2014-08-22 18-54-38 INFO  [Daemon] org.springframework.beans.factory.xml.XmlBeanDefinitionReader  - Loading XML bean definitions from class path resource [META-INF/cxf/cxf-servlet.xml]
2014-08-22 18-54-42 INFO  [Daemon] org.hibernate.validator.internal.util.Version  - HV000001: Hibernate Validator 5.0.2.Final
2014-08-22 18-54-43 INFO  [Daemon] org.apache.cxf.endpoint.ServerImpl  - Setting the server's publish address to be /feedback
2014-08-22 18-54-43 INFO  [Daemon] org.springframework.web.context.ContextLoader  - Root WebApplicationContext: initialization completed in 6572 ms
2014-08-22 18-55-37 WARN  [1483770377@qtp-1594767538-0] org.apache.cxf.phase.PhaseInterceptorChain  - Interceptor for {http://impl.service.rjoseph.rantandrave.com/}FeedbackRESTServiceImpl has thrown exception, unwinding now
org.apache.cxf.validation.ResponseConstraintViolationException
	at org.apache.cxf.validation.BeanValidationProvider.validateReturnValue(BeanValidationProvider.java:129)
	at org.apache.cxf.validation.BeanValidationOutInterceptor.handleValidation(BeanValidationOutInterceptor.java:45)
	at org.apache.cxf.validation.AbstractValidationInterceptor.handleMessage(AbstractValidationInterceptor.java:73)
	at org.apache.cxf.phase.PhaseInterceptorChain.doIntercept(PhaseInterceptorChain.java:307)
	at org.apache.cxf.interceptor.OutgoingChainInterceptor.handleMessage(OutgoingChainInterceptor.java:83)
	at org.apache.cxf.phase.PhaseInterceptorChain.doIntercept(PhaseInterceptorChain.java:307)
	at org.apache.cxf.transport.ChainInitiationObserver.onMessage(ChainInitiationObserver.java:121)
	at org.apache.cxf.transport.http.AbstractHTTPDestination.invoke(AbstractHTTPDestination.java:243)
	at org.apache.cxf.transport.servlet.ServletController.invokeDestination(ServletController.java:223)
	at org.apache.cxf.transport.servlet.ServletController.invoke(ServletController.java:197)
	at org.apache.cxf.transport.servlet.ServletController.invoke(ServletController.java:149)
	at org.apache.cxf.transport.servlet.CXFNonSpringServlet.invoke(CXFNonSpringServlet.java:171)
	at org.apache.cxf.transport.servlet.AbstractHTTPServlet.handleRequest(AbstractHTTPServlet.java:286)
	at org.apache.cxf.transport.servlet.AbstractHTTPServlet.doGet(AbstractHTTPServlet.java:211)
	at javax.servlet.http.HttpServlet.service(HttpServlet.java:707)
	at org.apache.cxf.transport.servlet.AbstractHTTPServlet.service(AbstractHTTPServlet.java:262)
	at org.mortbay.jetty.servlet.ServletHolder.handle(ServletHolder.java:511)
	at org.mortbay.jetty.servlet.ServletHandler.handle(ServletHandler.java:390)
	at org.mortbay.jetty.security.SecurityHandler.handle(SecurityHandler.java:216)
	at org.mortbay.jetty.servlet.SessionHandler.handle(SessionHandler.java:182)
	at org.mortbay.jetty.handler.ContextHandler.handle(ContextHandler.java:765)
	at org.mortbay.jetty.webapp.WebAppContext.handle(WebAppContext.java:440)
	at org.mortbay.jetty.handler.ContextHandlerCollection.handle(ContextHandlerCollection.java:230)
	at org.mortbay.jetty.handler.HandlerCollection.handle(HandlerCollection.java:114)
	at org.mortbay.jetty.handler.HandlerWrapper.handle(HandlerWrapper.java:152)
	at org.mortbay.jetty.Server.handle(Server.java:326)
	at org.mortbay.jetty.HttpConnection.handleRequest(HttpConnection.java:542)
	at org.mortbay.jetty.HttpConnection$RequestHandler.headerComplete(HttpConnection.java:926)
	at org.mortbay.jetty.HttpParser.parseNext(HttpParser.java:549)
	at org.mortbay.jetty.HttpParser.parseAvailable(HttpParser.java:212)
	at org.mortbay.jetty.HttpConnection.handle(HttpConnection.java:404)
	at org.mortbay.io.nio.SelectChannelEndPoint.run(SelectChannelEndPoint.java:410)
	at org.mortbay.thread.QueuedThreadPool$PoolThread.run(QueuedThreadPool.java:582)
2014-08-22 18-59-24 INFO  [Shutdown] org.springframework.web.context.support.XmlWebApplicationContext  - Closing Root WebApplicationContext: startup date [Fri Aug 22 18:54:37 CEST 2014]; root of context hierarchy
2014-08-22 18-59-55 INFO  [Daemon] org.springframework.web.context.ContextLoader  - Root WebApplicationContext: initialization started
2014-08-22 18-59-55 INFO  [Daemon] org.springframework.web.context.support.XmlWebApplicationContext  - Refreshing Root WebApplicationContext: startup date [Fri Aug 22 18:59:55 CEST 2014]; root of context hierarchy
2014-08-22 18-59-55 INFO  [Daemon] org.springframework.beans.factory.xml.XmlBeanDefinitionReader  - Loading XML bean definitions from ServletContext resource [/WEB-INF/spring/applicationContext-cxf.xml]
2014-08-22 18-59-57 INFO  [Daemon] org.springframework.beans.factory.xml.XmlBeanDefinitionReader  - Loading XML bean definitions from class path resource [META-INF/cxf/cxf.xml]
2014-08-22 18-59-57 INFO  [Daemon] org.springframework.beans.factory.xml.XmlBeanDefinitionReader  - Loading XML bean definitions from class path resource [META-INF/cxf/cxf-servlet.xml]
2014-08-22 19-00-00 INFO  [Daemon] org.hibernate.validator.internal.util.Version  - HV000001: Hibernate Validator 5.0.2.Final
2014-08-22 19-00-00 INFO  [Daemon] org.apache.cxf.endpoint.ServerImpl  - Setting the server's publish address to be /feedback
2014-08-22 19-00-00 INFO  [Daemon] org.springframework.web.context.ContextLoader  - Root WebApplicationContext: initialization completed in 5751 ms
2014-08-22 19-00-33 WARN  [2129584296@qtp-1291746963-0] org.apache.cxf.phase.PhaseInterceptorChain  - Interceptor for {http://impl.service.rjoseph.rantandrave.com/}FeedbackRESTServiceImpl has thrown exception, unwinding now
org.apache.cxf.validation.ResponseConstraintViolationException
	at org.apache.cxf.validation.BeanValidationProvider.validateReturnValue(BeanValidationProvider.java:129)
	at org.apache.cxf.validation.BeanValidationOutInterceptor.handleValidation(BeanValidationOutInterceptor.java:45)
	at org.apache.cxf.validation.AbstractValidationInterceptor.handleMessage(AbstractValidationInterceptor.java:73)
	at org.apache.cxf.phase.PhaseInterceptorChain.doIntercept(PhaseInterceptorChain.java:307)
	at org.apache.cxf.interceptor.OutgoingChainInterceptor.handleMessage(OutgoingChainInterceptor.java:83)
	at org.apache.cxf.phase.PhaseInterceptorChain.doIntercept(PhaseInterceptorChain.java:307)
	at org.apache.cxf.transport.ChainInitiationObserver.onMessage(ChainInitiationObserver.java:121)
	at org.apache.cxf.transport.http.AbstractHTTPDestination.invoke(AbstractHTTPDestination.java:243)
	at org.apache.cxf.transport.servlet.ServletController.invokeDestination(ServletController.java:223)
	at org.apache.cxf.transport.servlet.ServletController.invoke(ServletController.java:197)
	at org.apache.cxf.transport.servlet.ServletController.invoke(ServletController.java:149)
	at org.apache.cxf.transport.servlet.CXFNonSpringServlet.invoke(CXFNonSpringServlet.java:171)
	at org.apache.cxf.transport.servlet.AbstractHTTPServlet.handleRequest(AbstractHTTPServlet.java:286)
	at org.apache.cxf.transport.servlet.AbstractHTTPServlet.doGet(AbstractHTTPServlet.java:211)
	at javax.servlet.http.HttpServlet.service(HttpServlet.java:707)
	at org.apache.cxf.transport.servlet.AbstractHTTPServlet.service(AbstractHTTPServlet.java:262)
	at org.mortbay.jetty.servlet.ServletHolder.handle(ServletHolder.java:511)
	at org.mortbay.jetty.servlet.ServletHandler.handle(ServletHandler.java:390)
	at org.mortbay.jetty.security.SecurityHandler.handle(SecurityHandler.java:216)
	at org.mortbay.jetty.servlet.SessionHandler.handle(SessionHandler.java:182)
	at org.mortbay.jetty.handler.ContextHandler.handle(ContextHandler.java:765)
	at org.mortbay.jetty.webapp.WebAppContext.handle(WebAppContext.java:440)
	at org.mortbay.jetty.handler.ContextHandlerCollection.handle(ContextHandlerCollection.java:230)
	at org.mortbay.jetty.handler.HandlerCollection.handle(HandlerCollection.java:114)
	at org.mortbay.jetty.handler.HandlerWrapper.handle(HandlerWrapper.java:152)
	at org.mortbay.jetty.Server.handle(Server.java:326)
	at org.mortbay.jetty.HttpConnection.handleRequest(HttpConnection.java:542)
	at org.mortbay.jetty.HttpConnection$RequestHandler.headerComplete(HttpConnection.java:926)
	at org.mortbay.jetty.HttpParser.parseNext(HttpParser.java:549)
	at org.mortbay.jetty.HttpParser.parseAvailable(HttpParser.java:212)
	at org.mortbay.jetty.HttpConnection.handle(HttpConnection.java:404)
	at org.mortbay.io.nio.SelectChannelEndPoint.run(SelectChannelEndPoint.java:410)
	at org.mortbay.thread.QueuedThreadPool$PoolThread.run(QueuedThreadPool.java:582)
2014-08-22 20-28-18 INFO  [Shutdown] org.springframework.web.context.support.XmlWebApplicationContext  - Closing Root WebApplicationContext: startup date [Fri Aug 22 18:59:55 CEST 2014]; root of context hierarchy
2014-08-23 01-45-55 INFO  [Daemon] org.springframework.web.context.ContextLoader  - Root WebApplicationContext: initialization started
2014-08-23 01-45-55 INFO  [Daemon] org.springframework.web.context.support.XmlWebApplicationContext  - Refreshing Root WebApplicationContext: startup date [Sat Aug 23 01:45:55 CEST 2014]; root of context hierarchy
2014-08-23 01-45-56 INFO  [Daemon] org.springframework.beans.factory.xml.XmlBeanDefinitionReader  - Loading XML bean definitions from ServletContext resource [/WEB-INF/spring/applicationContext-cxf.xml]
2014-08-23 01-45-57 ERROR [Daemon] org.springframework.web.context.ContextLoader  - Context initialization failed
org.springframework.beans.factory.xml.XmlBeanDefinitionStoreException: Line 22 in XML document from ServletContext resource [/WEB-INF/spring/applicationContext-cxf.xml] is invalid; nested exception is org.xml.sax.SAXParseException; lineNumber: 22; columnNumber: 67; The prefix "context" for element "context:component-scan" is not bound.
	at org.springframework.beans.factory.xml.XmlBeanDefinitionReader.doLoadBeanDefinitions(XmlBeanDefinitionReader.java:398)
	at org.springframework.beans.factory.xml.XmlBeanDefinitionReader.loadBeanDefinitions(XmlBeanDefinitionReader.java:335)
	at org.springframework.beans.factory.xml.XmlBeanDefinitionReader.loadBeanDefinitions(XmlBeanDefinitionReader.java:303)
	at org.springframework.beans.factory.support.AbstractBeanDefinitionReader.loadBeanDefinitions(AbstractBeanDefinitionReader.java:180)
	at org.springframework.beans.factory.support.AbstractBeanDefinitionReader.loadBeanDefinitions(AbstractBeanDefinitionReader.java:216)
	at org.springframework.beans.factory.support.AbstractBeanDefinitionReader.loadBeanDefinitions(AbstractBeanDefinitionReader.java:187)
	at org.springframework.web.context.support.XmlWebApplicationContext.loadBeanDefinitions(XmlWebApplicationContext.java:125)
	at org.springframework.web.context.support.XmlWebApplicationContext.loadBeanDefinitions(XmlWebApplicationContext.java:94)
	at org.springframework.context.support.AbstractRefreshableApplicationContext.refreshBeanFactory(AbstractRefreshableApplicationContext.java:129)
	at org.springframework.context.support.AbstractApplicationContext.obtainFreshBeanFactory(AbstractApplicationContext.java:540)
	at org.springframework.context.support.AbstractApplicationContext.refresh(AbstractApplicationContext.java:454)
	at org.springframework.web.context.ContextLoader.configureAndRefreshWebApplicationContext(ContextLoader.java:403)
	at org.springframework.web.context.ContextLoader.initWebApplicationContext(ContextLoader.java:306)
	at org.springframework.web.context.ContextLoaderListener.contextInitialized(ContextLoaderListener.java:106)
	at org.mortbay.jetty.handler.ContextHandler.startContext(ContextHandler.java:548)
	at org.mortbay.jetty.servlet.Context.startContext(Context.java:136)
	at org.mortbay.jetty.webapp.WebAppContext.startContext(WebAppContext.java:1272)
	at org.mortbay.jetty.handler.ContextHandler.doStart(ContextHandler.java:517)
	at org.mortbay.jetty.webapp.WebAppContext.doStart(WebAppContext.java:489)
	at org.gradle.api.plugins.jetty.internal.JettyPluginWebAppContext.doStart(JettyPluginWebAppContext.java:112)
	at org.mortbay.component.AbstractLifeCycle.start(AbstractLifeCycle.java:50)
	at org.mortbay.jetty.handler.HandlerCollection.doStart(HandlerCollection.java:152)
	at org.mortbay.jetty.handler.ContextHandlerCollection.doStart(ContextHandlerCollection.java:156)
	at org.mortbay.component.AbstractLifeCycle.start(AbstractLifeCycle.java:50)
	at org.mortbay.jetty.handler.HandlerCollection.doStart(HandlerCollection.java:152)
	at org.mortbay.component.AbstractLifeCycle.start(AbstractLifeCycle.java:50)
	at org.mortbay.jetty.handler.HandlerWrapper.doStart(HandlerWrapper.java:130)
	at org.mortbay.jetty.Server.doStart(Server.java:224)
	at org.mortbay.component.AbstractLifeCycle.start(AbstractLifeCycle.java:50)
	at org.gradle.api.plugins.jetty.internal.Jetty6PluginServer.start(Jetty6PluginServer.java:111)
	at org.gradle.api.plugins.jetty.AbstractJettyRunTask.startJettyInternal(AbstractJettyRunTask.java:238)
	at org.gradle.api.plugins.jetty.AbstractJettyRunTask.startJetty(AbstractJettyRunTask.java:191)
	at org.gradle.api.plugins.jetty.AbstractJettyRunTask.start(AbstractJettyRunTask.java:162)
	at sun.reflect.NativeMethodAccessorImpl.invoke0(Native Method)
	at sun.reflect.NativeMethodAccessorImpl.invoke(NativeMethodAccessorImpl.java:57)
	at sun.reflect.DelegatingMethodAccessorImpl.invoke(DelegatingMethodAccessorImpl.java:43)
	at java.lang.reflect.Method.invoke(Method.java:606)
	at org.gradle.internal.reflect.JavaMethod.invoke(JavaMethod.java:63)
	at org.gradle.api.internal.project.taskfactory.AnnotationProcessingTaskFactory$StandardTaskAction.doExecute(AnnotationProcessingTaskFactory.java:218)
	at org.gradle.api.internal.project.taskfactory.AnnotationProcessingTaskFactory$StandardTaskAction.execute(AnnotationProcessingTaskFactory.java:211)
	at org.gradle.api.internal.project.taskfactory.AnnotationProcessingTaskFactory$StandardTaskAction.execute(AnnotationProcessingTaskFactory.java:200)
	at org.gradle.api.internal.AbstractTask$TaskActionWrapper.execute(AbstractTask.java:570)
	at org.gradle.api.internal.AbstractTask$TaskActionWrapper.execute(AbstractTask.java:553)
	at org.gradle.api.internal.tasks.execution.ExecuteActionsTaskExecuter.executeAction(ExecuteActionsTaskExecuter.java:80)
	at org.gradle.api.internal.tasks.execution.ExecuteActionsTaskExecuter.executeActions(ExecuteActionsTaskExecuter.java:61)
	at org.gradle.api.internal.tasks.execution.ExecuteActionsTaskExecuter.execute(ExecuteActionsTaskExecuter.java:46)
	at org.gradle.api.internal.tasks.execution.PostExecutionAnalysisTaskExecuter.execute(PostExecutionAnalysisTaskExecuter.java:35)
	at org.gradle.api.internal.tasks.execution.SkipUpToDateTaskExecuter.execute(SkipUpToDateTaskExecuter.java:64)
	at org.gradle.api.internal.tasks.execution.ValidatingTaskExecuter.execute(ValidatingTaskExecuter.java:58)
	at org.gradle.api.internal.tasks.execution.SkipEmptySourceFilesTaskExecuter.execute(SkipEmptySourceFilesTaskExecuter.java:42)
	at org.gradle.api.internal.tasks.execution.SkipTaskWithNoActionsExecuter.execute(SkipTaskWithNoActionsExecuter.java:52)
	at org.gradle.api.internal.tasks.execution.SkipOnlyIfTaskExecuter.execute(SkipOnlyIfTaskExecuter.java:53)
	at org.gradle.api.internal.tasks.execution.ExecuteAtMostOnceTaskExecuter.execute(ExecuteAtMostOnceTaskExecuter.java:43)
	at org.gradle.api.internal.AbstractTask.executeWithoutThrowingTaskFailure(AbstractTask.java:296)
	at org.gradle.execution.taskgraph.AbstractTaskPlanExecutor$TaskExecutorWorker.executeTask(AbstractTaskPlanExecutor.java:79)
	at org.gradle.execution.taskgraph.AbstractTaskPlanExecutor$TaskExecutorWorker.processTask(AbstractTaskPlanExecutor.java:63)
	at org.gradle.execution.taskgraph.AbstractTaskPlanExecutor$TaskExecutorWorker.run(AbstractTaskPlanExecutor.java:51)
	at org.gradle.execution.taskgraph.DefaultTaskPlanExecutor.process(DefaultTaskPlanExecutor.java:23)
	at org.gradle.execution.taskgraph.DefaultTaskGraphExecuter.execute(DefaultTaskGraphExecuter.java:86)
	at org.gradle.execution.SelectedTaskExecutionAction.execute(SelectedTaskExecutionAction.java:29)
	at org.gradle.execution.DefaultBuildExecuter.execute(DefaultBuildExecuter.java:61)
	at org.gradle.execution.DefaultBuildExecuter.access$200(DefaultBuildExecuter.java:23)
	at org.gradle.execution.DefaultBuildExecuter$2.proceed(DefaultBuildExecuter.java:67)
	at org.gradle.execution.DryRunBuildExecutionAction.execute(DryRunBuildExecutionAction.java:32)
	at org.gradle.execution.DefaultBuildExecuter.execute(DefaultBuildExecuter.java:61)
	at org.gradle.execution.DefaultBuildExecuter.execute(DefaultBuildExecuter.java:54)
	at org.gradle.initialization.DefaultGradleLauncher.doBuildStages(DefaultGradleLauncher.java:148)
	at org.gradle.initialization.DefaultGradleLauncher.doBuild(DefaultGradleLauncher.java:105)
	at org.gradle.initialization.DefaultGradleLauncher.run(DefaultGradleLauncher.java:85)
	at org.gradle.launcher.exec.InProcessBuildActionExecuter$DefaultBuildController.run(InProcessBuildActionExecuter.java:81)
	at org.gradle.launcher.cli.ExecuteBuildAction.run(ExecuteBuildAction.java:33)
	at org.gradle.launcher.cli.ExecuteBuildAction.run(ExecuteBuildAction.java:24)
	at org.gradle.launcher.exec.InProcessBuildActionExecuter.execute(InProcessBuildActionExecuter.java:39)
	at org.gradle.launcher.daemon.server.exec.ExecuteBuild.doBuild(ExecuteBuild.java:45)
	at org.gradle.launcher.daemon.server.exec.BuildCommandOnly.execute(BuildCommandOnly.java:34)
	at org.gradle.launcher.daemon.server.exec.DaemonCommandExecution.proceed(DaemonCommandExecution.java:125)
	at org.gradle.launcher.daemon.server.exec.WatchForDisconnection.execute(WatchForDisconnection.java:35)
	at org.gradle.launcher.daemon.server.exec.DaemonCommandExecution.proceed(DaemonCommandExecution.java:125)
	at org.gradle.launcher.daemon.server.exec.ResetDeprecationLogger.execute(ResetDeprecationLogger.java:24)
	at org.gradle.launcher.daemon.server.exec.DaemonCommandExecution.proceed(DaemonCommandExecution.java:125)
	at org.gradle.launcher.daemon.server.exec.StartStopIfBuildAndStop.execute(StartStopIfBuildAndStop.java:33)
	at org.gradle.launcher.daemon.server.exec.DaemonCommandExecution.proceed(DaemonCommandExecution.java:125)
	at org.gradle.launcher.daemon.server.exec.ReturnResult.execute(ReturnResult.java:34)
	at org.gradle.launcher.daemon.server.exec.DaemonCommandExecution.proceed(DaemonCommandExecution.java:125)
	at org.gradle.launcher.daemon.server.exec.ForwardClientInput$2.call(ForwardClientInput.java:71)
	at org.gradle.launcher.daemon.server.exec.ForwardClientInput$2.call(ForwardClientInput.java:69)
	at org.gradle.util.Swapper.swap(Swapper.java:38)
	at org.gradle.launcher.daemon.server.exec.ForwardClientInput.execute(ForwardClientInput.java:69)
	at org.gradle.launcher.daemon.server.exec.DaemonCommandExecution.proceed(DaemonCommandExecution.java:125)
	at org.gradle.launcher.daemon.server.exec.LogToClient.doBuild(LogToClient.java:60)
	at org.gradle.launcher.daemon.server.exec.BuildCommandOnly.execute(BuildCommandOnly.java:34)
	at org.gradle.launcher.daemon.server.exec.DaemonCommandExecution.proceed(DaemonCommandExecution.java:125)
	at org.gradle.launcher.daemon.server.exec.EstablishBuildEnvironment.doBuild(EstablishBuildEnvironment.java:60)
	at org.gradle.launcher.daemon.server.exec.BuildCommandOnly.execute(BuildCommandOnly.java:34)
	at org.gradle.launcher.daemon.server.exec.DaemonCommandExecution.proceed(DaemonCommandExecution.java:125)
	at org.gradle.launcher.daemon.server.exec.StartBuildOrRespondWithBusy$1.run(StartBuildOrRespondWithBusy.java:45)
	at org.gradle.launcher.daemon.server.DaemonStateCoordinator.runCommand(DaemonStateCoordinator.java:184)
	at org.gradle.launcher.daemon.server.exec.StartBuildOrRespondWithBusy.doBuild(StartBuildOrRespondWithBusy.java:49)
	at org.gradle.launcher.daemon.server.exec.BuildCommandOnly.execute(BuildCommandOnly.java:34)
	at org.gradle.launcher.daemon.server.exec.DaemonCommandExecution.proceed(DaemonCommandExecution.java:125)
	at org.gradle.launcher.daemon.server.exec.HandleStop.execute(HandleStop.java:30)
	at org.gradle.launcher.daemon.server.exec.DaemonCommandExecution.proceed(DaemonCommandExecution.java:125)
	at org.gradle.launcher.daemon.server.exec.DaemonHygieneAction.execute(DaemonHygieneAction.java:39)
	at org.gradle.launcher.daemon.server.exec.DaemonCommandExecution.proceed(DaemonCommandExecution.java:125)
	at org.gradle.launcher.daemon.server.exec.CatchAndForwardDaemonFailure.execute(CatchAndForwardDaemonFailure.java:32)
	at org.gradle.launcher.daemon.server.exec.DaemonCommandExecution.proceed(DaemonCommandExecution.java:125)
	at org.gradle.launcher.daemon.server.exec.DefaultDaemonCommandExecuter.executeCommand(DefaultDaemonCommandExecuter.java:51)
	at org.gradle.launcher.daemon.server.DefaultIncomingConnectionHandler$ConnectionWorker.handleCommand(DefaultIncomingConnectionHandler.java:155)
	at org.gradle.launcher.daemon.server.DefaultIncomingConnectionHandler$ConnectionWorker.receiveAndHandleCommand(DefaultIncomingConnectionHandler.java:128)
	at org.gradle.launcher.daemon.server.DefaultIncomingConnectionHandler$ConnectionWorker.run(DefaultIncomingConnectionHandler.java:116)
	at org.gradle.internal.concurrent.DefaultExecutorFactory$StoppableExecutorImpl$1.run(DefaultExecutorFactory.java:64)
	at java.util.concurrent.ThreadPoolExecutor.runWorker(ThreadPoolExecutor.java:1145)
	at java.util.concurrent.ThreadPoolExecutor$Worker.run(ThreadPoolExecutor.java:615)
	at java.lang.Thread.run(Thread.java:744)
Caused by: org.xml.sax.SAXParseException; lineNumber: 22; columnNumber: 67; The prefix "context" for element "context:component-scan" is not bound.
	at org.apache.xerces.util.ErrorHandlerWrapper.createSAXParseException(Unknown Source)
	at org.apache.xerces.util.ErrorHandlerWrapper.fatalError(Unknown Source)
	at org.apache.xerces.impl.XMLErrorReporter.reportError(Unknown Source)
	at org.apache.xerces.impl.XMLErrorReporter.reportError(Unknown Source)
	at org.apache.xerces.impl.XMLErrorReporter.reportError(Unknown Source)
	at org.apache.xerces.impl.XMLNSDocumentScannerImpl.scanStartElement(Unknown Source)
	at org.apache.xerces.impl.XMLDocumentFragmentScannerImpl$FragmentContentDispatcher.dispatch(Unknown Source)
	at org.apache.xerces.impl.XMLDocumentFragmentScannerImpl.scanDocument(Unknown Source)
	at org.apache.xerces.parsers.XML11Configuration.parse(Unknown Source)
	at org.apache.xerces.parsers.XML11Configuration.parse(Unknown Source)
	at org.apache.xerces.parsers.XMLParser.parse(Unknown Source)
	at org.apache.xerces.parsers.DOMParser.parse(Unknown Source)
	at org.apache.xerces.jaxp.DocumentBuilderImpl.parse(Unknown Source)
	at org.springframework.beans.factory.xml.DefaultDocumentLoader.loadDocument(DefaultDocumentLoader.java:76)
	at org.springframework.beans.factory.xml.XmlBeanDefinitionReader.doLoadDocument(XmlBeanDefinitionReader.java:428)
	at org.springframework.beans.factory.xml.XmlBeanDefinitionReader.doLoadBeanDefinitions(XmlBeanDefinitionReader.java:390)
	... 113 more
2014-08-23 02-04-01 INFO  [Shutdown] org.springframework.web.context.support.XmlWebApplicationContext  - Closing Root WebApplicationContext: startup date [Sat Aug 23 01:45:55 CEST 2014]; root of context hierarchy
2014-08-23 02-04-01 WARN  [Shutdown] org.springframework.web.context.support.XmlWebApplicationContext  - Exception thrown from ApplicationListener handling ContextClosedEvent
java.lang.IllegalStateException: ApplicationEventMulticaster not initialized - call 'refresh' before multicasting events via the context: Root WebApplicationContext: startup date [Sat Aug 23 01:45:55 CEST 2014]; root of context hierarchy
	at org.springframework.context.support.AbstractApplicationContext.getApplicationEventMulticaster(AbstractApplicationContext.java:346)
	at org.springframework.context.support.AbstractApplicationContext.publishEvent(AbstractApplicationContext.java:333)
	at org.springframework.context.support.AbstractApplicationContext.doClose(AbstractApplicationContext.java:880)
	at org.springframework.context.support.AbstractApplicationContext.close(AbstractApplicationContext.java:841)
	at org.springframework.web.context.ContextLoader.closeWebApplicationContext(ContextLoader.java:579)
	at org.springframework.web.context.ContextLoaderListener.contextDestroyed(ContextLoaderListener.java:115)
	at org.mortbay.jetty.handler.ContextHandler.doStop(ContextHandler.java:599)
	at org.mortbay.jetty.webapp.WebAppContext.doStop(WebAppContext.java:527)
	at org.gradle.api.plugins.jetty.internal.JettyPluginWebAppContext.doStop(JettyPluginWebAppContext.java:119)
	at org.mortbay.component.AbstractLifeCycle.stop(AbstractLifeCycle.java:76)
	at org.mortbay.jetty.handler.HandlerCollection.doStop(HandlerCollection.java:169)
	at org.mortbay.component.AbstractLifeCycle.stop(AbstractLifeCycle.java:76)
	at org.mortbay.jetty.handler.HandlerCollection.doStop(HandlerCollection.java:169)
	at org.mortbay.component.AbstractLifeCycle.stop(AbstractLifeCycle.java:76)
	at org.mortbay.jetty.handler.HandlerWrapper.doStop(HandlerWrapper.java:142)
	at org.mortbay.jetty.Server.doStop(Server.java:283)
	at org.mortbay.component.AbstractLifeCycle.stop(AbstractLifeCycle.java:76)
	at org.mortbay.jetty.Server$ShutdownHookThread.run(Server.java:561)
2014-08-23 02-04-01 WARN  [Shutdown] org.springframework.web.context.support.XmlWebApplicationContext  - Exception thrown from LifecycleProcessor on context close
java.lang.IllegalStateException: LifecycleProcessor not initialized - call 'refresh' before invoking lifecycle methods via the context: Root WebApplicationContext: startup date [Sat Aug 23 01:45:55 CEST 2014]; root of context hierarchy
	at org.springframework.context.support.AbstractApplicationContext.getLifecycleProcessor(AbstractApplicationContext.java:359)
	at org.springframework.context.support.AbstractApplicationContext.doClose(AbstractApplicationContext.java:888)
	at org.springframework.context.support.AbstractApplicationContext.close(AbstractApplicationContext.java:841)
	at org.springframework.web.context.ContextLoader.closeWebApplicationContext(ContextLoader.java:579)
	at org.springframework.web.context.ContextLoaderListener.contextDestroyed(ContextLoaderListener.java:115)
	at org.mortbay.jetty.handler.ContextHandler.doStop(ContextHandler.java:599)
	at org.mortbay.jetty.webapp.WebAppContext.doStop(WebAppContext.java:527)
	at org.gradle.api.plugins.jetty.internal.JettyPluginWebAppContext.doStop(JettyPluginWebAppContext.java:119)
	at org.mortbay.component.AbstractLifeCycle.stop(AbstractLifeCycle.java:76)
	at org.mortbay.jetty.handler.HandlerCollection.doStop(HandlerCollection.java:169)
	at org.mortbay.component.AbstractLifeCycle.stop(AbstractLifeCycle.java:76)
	at org.mortbay.jetty.handler.HandlerCollection.doStop(HandlerCollection.java:169)
	at org.mortbay.component.AbstractLifeCycle.stop(AbstractLifeCycle.java:76)
	at org.mortbay.jetty.handler.HandlerWrapper.doStop(HandlerWrapper.java:142)
	at org.mortbay.jetty.Server.doStop(Server.java:283)
	at org.mortbay.component.AbstractLifeCycle.stop(AbstractLifeCycle.java:76)
	at org.mortbay.jetty.Server$ShutdownHookThread.run(Server.java:561)
2014-08-23 02-04-38 INFO  [Daemon] org.springframework.web.context.ContextLoader  - Root WebApplicationContext: initialization started
2014-08-23 02-04-38 INFO  [Daemon] org.springframework.web.context.support.XmlWebApplicationContext  - Refreshing Root WebApplicationContext: startup date [Sat Aug 23 02:04:38 CEST 2014]; root of context hierarchy
2014-08-23 02-04-38 INFO  [Daemon] org.springframework.beans.factory.xml.XmlBeanDefinitionReader  - Loading XML bean definitions from ServletContext resource [/WEB-INF/spring/applicationContext-cxf.xml]
2014-08-23 02-04-39 INFO  [Daemon] org.springframework.beans.factory.xml.XmlBeanDefinitionReader  - Loading XML bean definitions from class path resource [META-INF/cxf/cxf.xml]
2014-08-23 02-04-39 INFO  [Daemon] org.springframework.beans.factory.xml.XmlBeanDefinitionReader  - Loading XML bean definitions from class path resource [META-INF/cxf/cxf-servlet.xml]
2014-08-23 02-04-41 INFO  [Daemon] org.springframework.beans.factory.annotation.AutowiredAnnotationBeanPostProcessor  - JSR-330 'javax.inject.Inject' annotation found and supported for autowiring
2014-08-23 02-04-42 INFO  [Daemon] org.hibernate.validator.internal.util.Version  - HV000001: Hibernate Validator 5.0.2.Final
2014-08-23 02-04-43 INFO  [Daemon] org.apache.cxf.endpoint.ServerImpl  - Setting the server's publish address to be /feedback
2014-08-23 02-04-43 INFO  [Daemon] org.springframework.web.context.ContextLoader  - Root WebApplicationContext: initialization completed in 5054 ms
2014-08-23 02-08-34 WARN  [546096055@qtp-1456567023-0] org.apache.cxf.transport.servlet.ServletController  - Can't find the the request for http://localhost:8080/RantRaveCXF//'s Observer 
2014-08-23 02-09-13 WARN  [425726639@qtp-1456567023-3] org.apache.cxf.transport.servlet.ServletController  - Can't find the the request for http://localhost:8080/RantRaveCXF//'s Observer 
2014-08-23 02-11-35 WARN  [262028981@qtp-1456567023-4] org.apache.cxf.transport.servlet.ServletController  - Can't find the the request for http://localhost:8080/RantRaveCXF//'s Observer 
